2025-10-05 ...
2025-10-06 ...
2025-10-07 ...
2025-10-08 ...
2025-10-09 ...
2025-10-10 ...
2025-10-11 ...
2025-10-12 ...
2025-10-13 ...
2025-10-14 ...
2025-10-15 ...
2025-10-16 ...
2025-10-17 ...
  rfcp failed
2025-10-18 ...
  rfcp failed
2025-10-19 ...
  rfcp failed
2025-10-20 ...
  rfcp failed
2025-10-21 ...
  rfcp failed
2025-10-22 ...
  rfcp failed
2025-10-23 ...
  rfcp failed
2025-10-24 ...
  rfcp failed
2025-10-25 ...
  rfcp failed
2025-10-26 ...
  rfcp failed
2025-10-27 ...
  rfcp failed
2025-10-28 ...
  rfcp failed
2025-10-29 ...
  rfcp failed
2025-10-30 ...
  rfcp failed
2025-10-31 ...
  rfcp failed
2025-11-01 ...
  rfcp failed
2025-11-02 ...
  rfcp failed
2025-11-03 ...
  rfcp failed
2025-11-04 ...
  rfcp failed
2025-11-05 ...
  rfcp failed
2025-11-06 ...
  rfcp failed
2025-11-07 ...
  rfcp failed
2025-11-08 ...
  rfcp failed
2025-11-09 ...
  rfcp failed
2025-11-10 ...
  rfcp failed
2025-11-11 ...
  rfcp failed
2025-11-12 ...
  rfcp failed
2025-11-13 ...
  rfcp failed
2025-11-14 ...
  rfcp failed
2025-11-15 ...
  rfcp failed
2025-11-16 ...
  rfcp failed
2025-11-17 ...
2025-11-18 ...
  rfcp failed
2025-11-19 ...
  rfcp failed
2025-11-20 ...
  rfcp failed
2025-11-21 ...
  rfcp failed
2025-11-22 ...
  rfcp failed
2025-11-23 ...
  rfcp failed
2025-11-24 ...
  rfcp failed
2025-11-25 ...
  rfcp failed
2025-11-26 ...
  rfcp failed
2025-11-27 ...
  rfcp failed
2025-11-28 ...
  rfcp failed
2025-11-29 ...
  rfcp failed
2025-11-30 ...
  rfcp failed
2025-12-01 ...
  rfcp failed
2025-12-02 ...
  rfcp failed
2025-12-03 ...
  rfcp failed
2025-12-04 ...
  rfcp failed
2025-12-05 ...
  rfcp failed
2025-12-06 ...
  rfcp failed
2025-12-07 ...
  rfcp failed
2025-12-08 ...
  rfcp failed
2025-12-09 ...
  rfcp failed
2025-12-10 ...
  rfcp failed
2025-12-11 ...
  rfcp failed
2025-12-12 ...
  rfcp failed
2025-12-13 ...
  rfcp failed
2025-12-14 ...
  rfcp failed
2025-12-15 ...
  rfcp failed
2025-12-16 ...
  rfcp failed
2025-12-17 ...
  rfcp failed
2025-12-18 ...
  rfcp failed
2025-12-19 ...
  rfcp failed
2025-12-20 ...
  rfcp failed
2025-12-21 ...
  rfcp failed
2025-12-22 ...
  rfcp failed
2025-12-23 ...
  rfcp failed
2025-12-24 ...
  rfcp failed
2025-12-25 ...
  rfcp failed
2025-12-26 ...
  rfcp failed
2025-12-27 ...
  rfcp failed
2025-12-28 ...
  rfcp failed
2025-12-29 ...
  rfcp failed
2025-12-30 ...
  rfcp failed
2025-12-31 ...
  rfcp failed
2026-01-01 ...
  rfcp failed
2026-01-02 ...
  rfcp failed
2026-01-03 ...
  rfcp failed
2026-01-04 ...
  rfcp failed
2026-01-05 ...
  rfcp failed
2026-01-06 ...
  rfcp failed
2026-01-07 ...
  rfcp failed
2026-01-08 ...
  rfcp failed
2026-01-09 ...
  rfcp failed
2026-01-10 ...
  rfcp failed
2026-01-11 ...
  rfcp failed
2026-01-12 ...
  rfcp failed
2026-01-13 ...
  rfcp failed
2026-01-14 ...
  rfcp failed
2026-01-15 ...
  rfcp failed
2026-01-16 ...
  rfcp failed
2026-01-17 ...
  rfcp failed
2026-01-18 ...
  rfcp failed
2026-01-19 ...
  rfcp failed
2026-01-20 ...
  rfcp failed
2026-01-21 ...
  rfcp failed
2026-01-22 ...
  rfcp failed
2026-01-23 ...
  rfcp failed
2026-01-24 ...
  rfcp failed
2026-01-25 ...
  rfcp failed
2026-01-26 ...
  rfcp failed
2026-01-27 ...
  rfcp failed
2026-01-28 ...
  rfcp failed
2026-01-29 ...
  rfcp failed
2026-01-30 ...
  rfcp failed
2026-01-31 ...
  rfcp failed
2026-02-01 ...
  rfcp failed
2026-02-02 ...
  rfcp failed
2026-02-03 ...
  rfcp failed
2026-02-04 ...
  rfcp failed
2026-02-05 ...
  rfcp failed
2026-02-06 ...
  rfcp failed
2026-02-07 ...
  rfcp failed
2026-02-08 ...
  rfcp failed
2026-02-09 ...
  rfcp failed
2026-02-10 ...
  rfcp failed
2026-02-11 ...
  rfcp failed
2026-02-12 ...
  rfcp failed
2026-02-13 ...
  rfcp failed
2026-02-14 ...
  rfcp failed
2026-02-15 ...
  rfcp failed
2026-02-16 ...
  rfcp failed
2026-02-17 ...
  rfcp failed
2026-02-18 ...
  rfcp failed
2026-02-19 ...
  rfcp failed
2026-02-20 ...
  rfcp failed
2026-02-21 ...
  rfcp failed
2026-02-22 ...
  rfcp failed
2026-02-23 ...
  rfcp failed
2026-02-24 ...
  rfcp failed
2026-02-25 ...
  rfcp failed
2026-02-26 ...
  rfcp failed
2026-02-27 ...
  rfcp failed
2026-02-28 ...
  rfcp failed
2026-03-01 ...
  rfcp failed
2026-03-02 ...
  rfcp failed
2026-03-03 ...
  rfcp failed
2026-03-04 ...
  rfcp failed
2026-03-05 ...
  rfcp failed
2026-03-06 ...
  rfcp failed
2026-03-07 ...
  rfcp failed
2026-03-08 ...
  rfcp failed
2026-03-09 ...
  rfcp failed
2026-03-10 ...
  rfcp failed
2026-03-11 ...
  rfcp failed
2026-03-12 ...
  rfcp failed
2026-03-13 ...
  rfcp failed
2026-03-14 ...
  rfcp failed
2026-03-15 ...
  rfcp failed
2026-03-16 ...
  rfcp failed
2026-03-17 ...
  rfcp failed
2026-03-18 ...
  rfcp failed
2026-03-19 ...
  rfcp failed
2026-03-20 ...
  rfcp failed
2026-03-21 ...
  rfcp failed
2026-03-22 ...
  rfcp failed
2026-03-23 ...
  rfcp failed
2026-03-24 ...
  rfcp failed
2026-03-25 ...
  rfcp failed
2026-03-26 ...
  rfcp failed
2026-03-27 ...
  rfcp failed
2026-03-28 ...
  rfcp failed
2026-03-29 ...
  rfcp failed
2026-03-30 ...
  rfcp failed
2026-03-31 ...
  rfcp failed
2026-04-01 ...
  rfcp failed
2026-04-02 ...
  rfcp failed
2026-04-03 ...
  rfcp failed
2026-04-04 ...
  rfcp failed
2026-04-05 ...
  rfcp failed
Traceback (most recent call last):
  File "/pbs/home/s/sentenac/NOISEHOUND/extract_itf_status.py", line 58, in <module>
    df.to_csv(OUTPUT, index=False, float_format="%.4f")
  File "/cvmfs/software.igwn.org/conda/envs/igwn/lib/python3.11/site-packages/pandas/util/_decorators.py", line 333, in wrapper
    return func(*args, **kwargs)
           ^^^^^^^^^^^^^^^^^^^^^
  File "/cvmfs/software.igwn.org/conda/envs/igwn/lib/python3.11/site-packages/pandas/core/generic.py", line 3989, in to_csv
    return DataFrameRenderer(formatter).to_csv(
           ^^^^^^^^^^^^^^^^^^^^^^^^^^^^^^^^^^^^
  File "/cvmfs/software.igwn.org/conda/envs/igwn/lib/python3.11/site-packages/pandas/io/formats/format.py", line 1014, in to_csv
    csv_formatter.save()
  File "/cvmfs/software.igwn.org/conda/envs/igwn/lib/python3.11/site-packages/pandas/io/formats/csvs.py", line 251, in save
    with get_handle(
         ^^^^^^^^^^^
  File "/cvmfs/software.igwn.org/conda/envs/igwn/lib/python3.11/site-packages/pandas/io/common.py", line 749, in get_handle
    check_parent_directory(str(handle))
  File "/cvmfs/software.igwn.org/conda/envs/igwn/lib/python3.11/site-packages/pandas/io/common.py", line 616, in check_parent_directory
    raise OSError(rf"Cannot save file into a non-existent directory: '{parent}'")
OSError: Cannot save file into a non-existent directory: '/home/sentenac/NOISEHOUND/outputs'
